0 info it worked if it ends with ok
1 verbose cli [ 'node', '/usr/local/bin/npm', 'install', '-g', 'browser', 'sync' ]
2 info using npm@2.7.4
3 info using node@v0.12.2
4 silly cache add args [ 'browser', null ]
5 verbose cache add spec browser
6 silly cache add args [ 'sync', null ]
7 verbose cache add spec sync
8 silly cache add parsed spec { raw: 'browser',
8 silly cache add   scope: null,
8 silly cache add   name: 'browser',
8 silly cache add   rawSpec: '',
8 silly cache add   spec: '*',
8 silly cache add   type: 'range' }
9 verbose addNamed browser@*
10 silly addNamed semver.valid null
11 silly addNamed semver.validRange *
12 silly addNameRange { name: 'browser', range: '*', hasData: false }
13 silly mapToRegistry name browser
14 silly mapToRegistry using default registry
15 silly mapToRegistry registry https://registry.npmjs.org/
16 silly mapToRegistry uri https://registry.npmjs.org/browser
17 verbose addNameRange registry:https://registry.npmjs.org/browser not in flight; fetching
18 silly cache add parsed spec { raw: 'sync',
18 silly cache add   scope: null,
18 silly cache add   name: 'sync',
18 silly cache add   rawSpec: '',
18 silly cache add   spec: '*',
18 silly cache add   type: 'range' }
19 verbose addNamed sync@*
20 silly addNamed semver.valid null
21 silly addNamed semver.validRange *
22 silly addNameRange { name: 'sync', range: '*', hasData: false }
23 silly mapToRegistry name sync
24 silly mapToRegistry using default registry
25 silly mapToRegistry registry https://registry.npmjs.org/
26 silly mapToRegistry uri https://registry.npmjs.org/sync
27 verbose addNameRange registry:https://registry.npmjs.org/sync not in flight; fetching
28 verbose request uri https://registry.npmjs.org/browser
29 verbose request no auth needed
30 info attempt registry request try #1 at 6:45:15 PM
31 verbose request id 61371616008e8c29
32 http request GET https://registry.npmjs.org/browser
33 verbose request uri https://registry.npmjs.org/sync
34 verbose request no auth needed
35 info attempt registry request try #1 at 6:45:16 PM
36 http request GET https://registry.npmjs.org/sync
37 http 200 https://registry.npmjs.org/sync
38 silly get cb [ 200,
38 silly get   { date: 'Tue, 07 Apr 2015 00:45:16 GMT',
38 silly get     server: 'CouchDB/1.5.0 (Erlang OTP/R16B03)',
38 silly get     etag: '"D00RJ61U36LS1OZVPPPX12SW"',
38 silly get     'content-type': 'application/json',
38 silly get     'cache-control': 'max-age=60',
38 silly get     'content-length': '20710',
38 silly get     'accept-ranges': 'bytes',
38 silly get     via: '1.1 varnish',
38 silly get     age: '0',
38 silly get     'x-served-by': 'cache-ord1721-ORD',
38 silly get     'x-cache': 'MISS',
38 silly get     'x-cache-hits': '0',
38 silly get     'x-timer': 'S1428367516.410296,VS0,VE127',
38 silly get     vary: 'Accept',
38 silly get     'keep-alive': 'timeout=10, max=50',
38 silly get     connection: 'Keep-Alive' } ]
39 verbose get saving sync to /Users/ALegendaryWolf/.npm/registry.npmjs.org/sync/.cache.json
40 verbose getCacheStat cache creation not in flight; initializing
41 silly addNameRange number 2 { name: 'sync', range: '*', hasData: true }
42 silly addNameRange versions [ 'sync',
42 silly addNameRange   [ '0.0.1',
42 silly addNameRange     '0.1.0',
42 silly addNameRange     '0.1.1',
42 silly addNameRange     '0.1.3',
42 silly addNameRange     '0.1.4',
42 silly addNameRange     '0.1.5',
42 silly addNameRange     '0.1.6',
42 silly addNameRange     '0.1.7',
42 silly addNameRange     '0.1.8',
42 silly addNameRange     '0.2.0',
42 silly addNameRange     '0.2.1',
42 silly addNameRange     '0.2.2',
42 silly addNameRange     '0.2.3',
42 silly addNameRange     '0.2.4',
42 silly addNameRange     '0.2.5',
42 silly addNameRange     '0.1.9-beta',
42 silly addNameRange     '0.1.9-beta2',
42 silly addNameRange     '0.1.9-beta3' ] ]
43 verbose addNamed sync@0.2.5
44 silly addNamed semver.valid 0.2.5
45 silly addNamed semver.validRange 0.2.5
46 silly mapToRegistry name sync
47 silly mapToRegistry using default registry
48 silly mapToRegistry registry https://registry.npmjs.org/
49 silly mapToRegistry uri https://registry.npmjs.org/sync
50 verbose addRemoteTarball https://registry.npmjs.org/sync/-/sync-0.2.5.tgz not in flight; adding
51 verbose addRemoteTarball [ 'https://registry.npmjs.org/sync/-/sync-0.2.5.tgz',
51 verbose addRemoteTarball   '3910bb9b66abee56542e2e70f0ce549031252df6' ]
52 info retry fetch attempt 1 at 6:45:16 PM
53 info attempt registry request try #1 at 6:45:16 PM
54 http fetch GET https://registry.npmjs.org/sync/-/sync-0.2.5.tgz
55 http 200 https://registry.npmjs.org/browser
56 silly get cb [ 200,
56 silly get   { date: 'Tue, 07 Apr 2015 00:45:16 GMT',
56 silly get     server: 'CouchDB/1.5.0 (Erlang OTP/R16B03)',
56 silly get     etag: '"AYJELP0MO0G199MJMP6XX0K3F"',
56 silly get     'content-type': 'application/json',
56 silly get     'cache-control': 'max-age=60',
56 silly get     'content-length': '16671',
56 silly get     'accept-ranges': 'bytes',
56 silly get     via: '1.1 varnish',
56 silly get     age: '0',
56 silly get     'x-served-by': 'cache-ord1729-ORD',
56 silly get     'x-cache': 'MISS',
56 silly get     'x-cache-hits': '0',
56 silly get     'x-timer': 'S1428367516.409883,VS0,VE325',
56 silly get     vary: 'Accept',
56 silly get     'keep-alive': 'timeout=10, max=50',
56 silly get     connection: 'Keep-Alive' } ]
57 verbose get saving browser to /Users/ALegendaryWolf/.npm/registry.npmjs.org/browser/.cache.json
58 silly addNameRange number 2 { name: 'browser', range: '*', hasData: true }
59 silly addNameRange versions [ 'browser',
59 silly addNameRange   [ '0.1.0',
59 silly addNameRange     '0.1.1',
59 silly addNameRange     '0.1.2',
59 silly addNameRange     '0.1.3',
59 silly addNameRange     '0.2.0',
59 silly addNameRange     '0.2.1',
59 silly addNameRange     '0.2.2',
59 silly addNameRange     '0.2.3',
59 silly addNameRange     '0.2.4',
59 silly addNameRange     '0.2.5',
59 silly addNameRange     '0.2.6' ] ]
60 verbose addNamed browser@0.2.6
61 silly addNamed semver.valid 0.2.6
62 silly addNamed semver.validRange 0.2.6
63 silly mapToRegistry name browser
64 silly mapToRegistry using default registry
65 silly mapToRegistry registry https://registry.npmjs.org/
66 silly mapToRegistry uri https://registry.npmjs.org/browser
67 verbose addRemoteTarball https://registry.npmjs.org/browser/-/browser-0.2.6.tgz not in flight; adding
68 verbose addRemoteTarball [ 'https://registry.npmjs.org/browser/-/browser-0.2.6.tgz',
68 verbose addRemoteTarball   'b2bd40539f6d1cafab12b7943954d7e758f6b63e' ]
69 info retry fetch attempt 1 at 6:45:16 PM
70 info attempt registry request try #1 at 6:45:16 PM
71 http fetch GET https://registry.npmjs.org/browser/-/browser-0.2.6.tgz
72 http fetch 200 https://registry.npmjs.org/sync/-/sync-0.2.5.tgz
73 silly fetchAndShaCheck shasum 3910bb9b66abee56542e2e70f0ce549031252df6
74 verbose addTmpTarball /var/folders/n0/d8p6h8210xldw4srb36kdt8m0000gp/T/npm-557-457590a5/registry.npmjs.org/sync/-/sync-0.2.5.tgz not in flight; adding
75 verbose addTmpTarball already have metadata; skipping unpack for sync@0.2.5
76 silly cache afterAdd sync@0.2.5
77 verbose afterAdd /Users/ALegendaryWolf/.npm/sync/0.2.5/package/package.json not in flight; writing
78 verbose afterAdd /Users/ALegendaryWolf/.npm/sync/0.2.5/package/package.json written
79 http fetch 200 https://registry.npmjs.org/browser/-/browser-0.2.6.tgz
80 silly fetchAndShaCheck shasum b2bd40539f6d1cafab12b7943954d7e758f6b63e
81 verbose addTmpTarball /var/folders/n0/d8p6h8210xldw4srb36kdt8m0000gp/T/npm-557-457590a5/registry.npmjs.org/browser/-/browser-0.2.6.tgz not in flight; adding
82 verbose addTmpTarball already have metadata; skipping unpack for browser@0.2.6
83 silly cache afterAdd browser@0.2.6
84 verbose afterAdd /Users/ALegendaryWolf/.npm/browser/0.2.6/package/package.json not in flight; writing
85 verbose afterAdd /Users/ALegendaryWolf/.npm/browser/0.2.6/package/package.json written
86 silly install resolved [ { name: 'sync',
86 silly install resolved     description: 'Library that makes simple to run asynchronous functions in synchronous manner, using node-fibers.',
86 silly install resolved     version: '0.2.5',
86 silly install resolved     url: 'http://github.com/0ctave/node-sync',
86 silly install resolved     author: { name: 'Yuriy Bogdanov', email: 'chinsay@gmail.com' },
86 silly install resolved     main: 'lib/sync',
86 silly install resolved     license: 'MIT',
86 silly install resolved     repository:
86 silly install resolved      { type: 'git',
86 silly install resolved        url: 'https://github.com/ybogdanov/node-sync.git' },
86 silly install resolved     engines: { node: '>=0.5.2' },
86 silly install resolved     dependencies: { fibers: '>=0.6' },
86 silly install resolved     bugs: { url: 'https://github.com/ybogdanov/node-sync/issues' },
86 silly install resolved     homepage: 'https://github.com/ybogdanov/node-sync',
86 silly install resolved     _id: 'sync@0.2.5',
86 silly install resolved     dist:
86 silly install resolved      { shasum: '3910bb9b66abee56542e2e70f0ce549031252df6',
86 silly install resolved        tarball: 'http://registry.npmjs.org/sync/-/sync-0.2.5.tgz' },
86 silly install resolved     _from: 'sync@*',
86 silly install resolved     _npmVersion: '1.4.3',
86 silly install resolved     _npmUser: { name: 'octave', email: 'chinsay@gmail.com' },
86 silly install resolved     maintainers: [ [Object] ],
86 silly install resolved     directories: {},
86 silly install resolved     _shasum: '3910bb9b66abee56542e2e70f0ce549031252df6',
86 silly install resolved     _resolved: 'https://registry.npmjs.org/sync/-/sync-0.2.5.tgz' },
86 silly install resolved   { name: 'browser',
86 silly install resolved     version: '0.2.6',
86 silly install resolved     description: 'browsing urls with cookies, that is, we can scrape with authenticated pages!',
86 silly install resolved     tags:
86 silly install resolved      [ 'scraping',
86 silly install resolved        'browse',
86 silly install resolved        'url',
86 silly install resolved        'cookie',
86 silly install resolved        'crawling',
86 silly install resolved        'login',
86 silly install resolved        'sign-in' ],
86 silly install resolved     author: { name: 'SHIN Suzuki', email: 'shinout310@gmail.com' },
86 silly install resolved     repository: { type: 'git', url: 'https://github.com/shinout/browser.git' },
86 silly install resolved     bugs: { url: 'https://github.com/shinout/browser/issues' },
86 silly install resolved     licences: [ [Object] ],
86 silly install resolved     main: './browser.js',
86 silly install resolved     dependencies:
86 silly install resolved      { junjo: '>=0.2.6',
86 silly install resolved        termcolor: 'x.x.x',
86 silly install resolved        u2r: 'x.x.x',
86 silly install resolved        cheerio: 'x.x.x' },
86 silly install resolved     engine: 'node >= 0.4.1',
86 silly install resolved     readme: 'browser\n==========\n[Node.js] browsing urls with cookies, that is, we can scrape with authenticated pages!\n\n### Installation ###\n    git clone git://github.com/shinout/browser.git\n\n    OR\n\n    npm install browser \n\n### Features ###\n - automatic cookie management\n - easy asynchronous handling with <a href="https://github.com/shinout/Junjo.js">Junjo.js</a>\n\n### Usage ###\n#### helloworld (onetime access) ####\n    var browser = require("browser");\n    browser.browse("shinout.net", function(err, out) {\n      console.log(out.result);\n    });\n\n#### helloworld2 (using object) ####\n    var browser = require("browser");\n    var $b = new browser();\n    $b.browse(\'https://accounts.google.com/Login\'); // browse this url\n\n    /* running on end of all browsings\n     *   err: error object or null\n     *   out: { result : result body, ...}\n     */\n    $b.on("end", function(err, out) {\n      console.log(out.url, out.result, out.responseHeaders);\n    });\n    $b.run(); // execution\n\n#### login sample (requires jquery) ####\n    var userdata = {\n      email: "XXXXXX@gmail.com",\n      pass : "XXXXXXXX"\n    };\n\n    var $b = new browser();\n    $b.submit({\n      from : \'https://accounts.google.com/Login\',\n      selector: "#gaia_loginform",\n      data : {\n        Email  : userdata.email,\n        Passwd : userdata.pass\n      }\n    });\n\n    // authenticated access\n    $b.browse(\'https://mail.google.com/mail/u/0/?ui=html&zy=d\')\n    .after(); // browse after previously registered function\n\n    /* running on end of all browsings\n     *   err: error object or null\n     *   out: { result : result body, ...}\n     */\n    $b.on("end", function(err, out) {\n      console.log(out.url, out.result, out.responseHeaders);\n    });\n\n#### login sample2 (do what $b.submit() is doing manually) ####\n    var userdata = {\n      email: "XXXXXX@gmail.com",\n      pass : "XXXXXXXX"\n    };\n\n    var browser = require("browser");\n    var $b = new browser();\n    // $b.browse(the label of this request, url to access)\n    $b.browse(\'login\', \'https://accounts.google.com/Login\', {debug: true});\n\n    /* $b.browse(function(\n     *   err : errors occured in the previous request, \n     *   out : result of the previous browsing\n     *) { return url or return [url, options] }\n     */\n    $b.browse(function(err, out) {\n      var jsdom = require("jsdom").jsdom;\n      var jquery = require("jquery");\n      var window = jsdom(out.result).createWindow();\n      var $ = jquery.create(window);\n      var postdata = {\n        Email  : userdata.email,\n        Passwd : userdata.pass\n      };\n      var url = $("#gaia_loginform").attr("action");\n      // get hidden fields, and register them to post data\n      $("input").each(function(k, el) {\n        var $el = $(el);\n        var name = $el.attr("name"), type = $el.attr("type"), val = $el.val();\n        if (type == "hidden" || type == "submit") postdata[name] = val;\n      });\n      return [url, {\n        data  : postdata, // set post data\n        method: "POST"    // set HTTP method (default: GET)\n      }];\n    })\n    .after("login"); // browse after browsing with label="login"\n\n    $b.browse(\'https://mail.google.com/mail/u/0/?ui=html&zy=d\')\n    .after(); // browse after previously registered function\n\n    $b.on("end", function(err, out) {\n      console.log(out.result);\n    });\n    $b.run();\n\n#### options object ####\n>option object to pass to $b.browse() is the same format as u2r options.\nSee <a href="https://github.com/shinout/u2r">u2r</a> in detail.\nThe following are common options.\n\n - data   : (object) key-value pairs to pass to server\n - method : HTTP method (GET|POST|PUT|DELETE|HEAD). default: GET\n\n>all other values below are automatically generated from URL\n\n - host\n - protocol\n - path\n - port\n - body : querystring format of options.data\n\n#### keys of out object ####\n - result : response data(Buffer or String)\n - statusCode\n - location\n - responseHeaders\n - cookies : set-cookie headers\n - url : browsed url\n\n### Contact ###\nFeel free to contact <a href="twitter.com/shinout">@shinout</a>!\n',
86 silly install resolved     readmeFilename: 'README.md',
86 silly install resolved     _id: 'browser@0.2.6',
86 silly install resolved     dist:
86 silly install resolved      { shasum: 'b2bd40539f6d1cafab12b7943954d7e758f6b63e',
86 silly install resolved        tarball: 'http://registry.npmjs.org/browser/-/browser-0.2.6.tgz' },
86 silly install resolved     _npmVersion: '1.1.69',
86 silly install resolved     _npmUser: { name: 'shinout', email: 'shinout310@gmail.com' },
86 silly install resolved     maintainers: [ [Object] ],
86 silly install resolved     directories: {},
86 silly install resolved     _shasum: 'b2bd40539f6d1cafab12b7943954d7e758f6b63e',
86 silly install resolved     _resolved: 'https://registry.npmjs.org/browser/-/browser-0.2.6.tgz',
86 silly install resolved     _from: 'browser@*' } ]
87 info install sync@0.2.5 into /usr/local/lib
88 info install browser@0.2.6 into /usr/local/lib
89 info installOne sync@0.2.5
90 verbose installOne of sync to /usr/local/lib not in flight; installing
91 info installOne browser@0.2.6
92 verbose installOne of browser to /usr/local/lib not in flight; installing
93 verbose lock using /Users/ALegendaryWolf/.npm/_locks/sync-3920f2bb3f111d12.lock for /usr/local/lib/node_modules/sync
94 verbose lock using /Users/ALegendaryWolf/.npm/_locks/browser-1a14fd112cf8b183.lock for /usr/local/lib/node_modules/browser
95 silly install write writing sync 0.2.5 to /usr/local/lib/node_modules/sync
96 silly install write writing browser 0.2.6 to /usr/local/lib/node_modules/browser
97 silly cache addNamed cb sync@0.2.5
98 verbose unbuild lib/node_modules/sync
99 silly cache addNamed cb browser@0.2.6
100 verbose unbuild lib/node_modules/browser
101 silly gentlyRm /usr/local/lib/node_modules/sync is being purged from base /usr/local
102 verbose gentlyRm don't care about contents; nuking /usr/local/lib/node_modules/sync
103 silly gentlyRm /usr/local/lib/node_modules/browser is being purged from base /usr/local
104 verbose gentlyRm don't care about contents; nuking /usr/local/lib/node_modules/browser
105 verbose tar unpack /Users/ALegendaryWolf/.npm/sync/0.2.5/package.tgz
106 verbose tar unpacking to /usr/local/lib/node_modules/sync
107 silly gentlyRm /usr/local/lib/node_modules/sync is being purged
108 verbose gentlyRm don't care about contents; nuking /usr/local/lib/node_modules/sync
109 verbose tar unpack /Users/ALegendaryWolf/.npm/browser/0.2.6/package.tgz
110 verbose tar unpacking to /usr/local/lib/node_modules/browser
111 silly gentlyRm /usr/local/lib/node_modules/browser is being purged
112 verbose gentlyRm don't care about contents; nuking /usr/local/lib/node_modules/browser
113 silly gunzTarPerm modes [ '755', '644' ]
114 silly gunzTarPerm modes [ '755', '644' ]
115 error tar.unpack untar error /Users/ALegendaryWolf/.npm/sync/0.2.5/package.tgz
116 error tar.unpack untar error /Users/ALegendaryWolf/.npm/browser/0.2.6/package.tgz
117 verbose unlock done using /Users/ALegendaryWolf/.npm/_locks/sync-3920f2bb3f111d12.lock for /usr/local/lib/node_modules/sync
118 verbose unlock done using /Users/ALegendaryWolf/.npm/_locks/browser-1a14fd112cf8b183.lock for /usr/local/lib/node_modules/browser
119 verbose fstream_path /usr/local/lib/node_modules/sync
120 verbose fstream_type Directory
121 verbose fstream_class DirWriter
122 verbose stack Error: EACCES, mkdir '/usr/local/lib/node_modules/sync'
122 verbose stack     at Error (native)
123 verbose fstream_stack /usr/local/lib/node_modules/npm/node_modules/fstream/lib/dir-writer.js:36:23
123 verbose fstream_stack /usr/local/lib/node_modules/npm/node_modules/mkdirp/index.js:46:53
123 verbose fstream_stack FSReqWrap.oncomplete (fs.js:95:15)
124 verbose cwd /Users/ALegendaryWolf/Documents/blog
125 error Darwin 14.1.0
126 error argv "node" "/usr/local/bin/npm" "install" "-g" "browser" "sync"
127 error node v0.12.2
128 error npm  v2.7.4
129 error path /usr/local/lib/node_modules/sync
130 error code EACCES
131 error errno -13
132 error Error: EACCES, mkdir '/usr/local/lib/node_modules/sync'
132 error     at Error (native)
132 error  { [Error: EACCES, mkdir '/usr/local/lib/node_modules/sync']
132 error   errno: -13,
132 error   code: 'EACCES',
132 error   path: '/usr/local/lib/node_modules/sync',
132 error   fstream_type: 'Directory',
132 error   fstream_path: '/usr/local/lib/node_modules/sync',
132 error   fstream_class: 'DirWriter',
132 error   fstream_stack:
132 error    [ '/usr/local/lib/node_modules/npm/node_modules/fstream/lib/dir-writer.js:36:23',
132 error      '/usr/local/lib/node_modules/npm/node_modules/mkdirp/index.js:46:53',
132 error      'FSReqWrap.oncomplete (fs.js:95:15)' ] }
133 error Please try running this command again as root/Administrator.
134 verbose exit [ -13, true ]
135 verbose unbuild lib/node_modules/sync
136 silly gentlyRm /usr/local/lib/node_modules/sync is being purged from base /usr/local
137 verbose gentlyRm don't care about contents; nuking /usr/local/lib/node_modules/sync
138 verbose unbuild lib/node_modules/browser
139 silly gentlyRm /usr/local/lib/node_modules/browser is being purged from base /usr/local
140 verbose gentlyRm don't care about contents; nuking /usr/local/lib/node_modules/browser
